<?xml version="1.0" encoding="UTF-8"?>
<testng-results skipped="0" failed="0" total="1" passed="1">
  <reporter-output>
  </reporter-output>
  <suite name="Suite" duration-ms="31" started-at="2018-05-09T14:43:24Z" finished-at="2018-05-09T14:43:24Z">
    <groups>
    </groups>
    <test name="Test" duration-ms="31" started-at="2018-05-09T14:43:24Z" finished-at="2018-05-09T14:43:24Z">
      <class name="gitGen.GitJen">
        <test-method status="PASS" signature="display()" name="display" duration-ms="16" started-at="2018-05-09T14:43:24Z" finished-at="2018-05-09T14:43:24Z">
        </test-method>
      </class>
    </test>
  </suite>
</testng-results>
